Driver Controlador de Distancia
Que vols fer?
1. Distancia entre dos Items
2. Distancia entre dos Clients
3. Sortir
[opció] Escriu el nom dels atributs de l'ítem 1 separats per un espai (ha d'incloure un atribut que sigui id de l'ítem): 

Escriu el valor de cada atribut de l'ítem 1 en el mateix ordre
Escriu el valor de cada atribut de l'ítem 2 en el mateix ordre
La distància entre els items 1 i 2 es de 0.57
Driver Controlador de Distancia
Que vols fer?
1. Distancia entre dos Items
2. Distancia entre dos Clients
3. Sortir
[opció] Escriu el nom dels atributs de l'ítem 1 separats per un espai (ha d'incloure un atribut que sigui id de l'ítem): 

Escriu el valor de cada atribut de l'ítem 1 en el mateix ordre
Escriu el valor de cada atribut de l'ítem 2 en el mateix ordre
La distància entre els items 1 i 2 es de 0.86
Driver Controlador de Distancia
Que vols fer?
1. Distancia entre dos Items
2. Distancia entre dos Clients
3. Sortir
[opció] Escriu el nom dels atributs de l'ítem 1 separats per un espai (ha d'incloure un atribut que sigui id de l'ítem): 

Escriu el valor de cada atribut de l'ítem 1 en el mateix ordre
Escriu el valor de cada atribut de l'ítem 2 en el mateix ordre
La distància entre els items 1 i 2 es de 0.0
Driver Controlador de Distancia
Que vols fer?
1. Distancia entre dos Items
2. Distancia entre dos Clients
3. Sortir
[opció] Escriu el nom dels atributs de l'ítem 1 separats per un espai (ha d'incloure un atribut que sigui id de l'ítem): 

Escriu el valor de cada atribut de l'ítem 1 en el mateix ordre
Escriu el valor de cada atribut de l'ítem 2 en el mateix ordre
La distància entre els items 1 i 2 es de 1.0
Driver Controlador de Distancia
Que vols fer?
1. Distancia entre dos Items
2. Distancia entre dos Clients
3. Sortir
[opció] 