Driver Controlador de Distancia
Que vols fer?
1. Distancia entre dos Items
2. Distancia entre dos Clients
3. Sortir
[opció] Escriu un enter que indiqui quantes valoracions té el client 1:
No es pot fer més d'una valoració pel mateix ID de ítem
A continuació escriu les n valoracions de la següent manera, ID item seguit d'un espai i després la valoració 
No es pot fer més d'una valoració pel mateix ID de ítem
Escriu un enter que indiqui quantes valoracions té el client 2:
A continuació escriu les n valoracions de la següent manera, ID item seguit d'un espai i després la valoració 
No es pot fer més d'una valoració pel mateix ID de ítem
La distància entre el client 1 i el client 2 es de 0.0
Driver Controlador de Distancia
Que vols fer?
1. Distancia entre dos Items
2. Distancia entre dos Clients
3. Sortir
[opció] Escriu un enter que indiqui quantes valoracions té el client 1:
No es pot fer més d'una valoració pel mateix ID de ítem
A continuació escriu les n valoracions de la següent manera, ID item seguit d'un espai i després la valoració 
No es pot fer més d'una valoració pel mateix ID de ítem
Escriu un enter que indiqui quantes valoracions té el client 2:
A continuació escriu les n valoracions de la següent manera, ID item seguit d'un espai i després la valoració 
No es pot fer més d'una valoració pel mateix ID de ítem
La distància entre el client 1 i el client 2 es de 1.0
Driver Controlador de Distancia
Que vols fer?
1. Distancia entre dos Items
2. Distancia entre dos Clients
3. Sortir
[opció] Escriu un enter que indiqui quantes valoracions té el client 1:
No es pot fer més d'una valoració pel mateix ID de ítem
A continuació escriu les n valoracions de la següent manera, ID item seguit d'un espai i després la valoració 
No es pot fer més d'una valoració pel mateix ID de ítem
Escriu un enter que indiqui quantes valoracions té el client 2:
A continuació escriu les n valoracions de la següent manera, ID item seguit d'un espai i després la valoració 
No es pot fer més d'una valoració pel mateix ID de ítem
La distància entre el client 1 i el client 2 es de 10.0
Driver Controlador de Distancia
Que vols fer?
1. Distancia entre dos Items
2. Distancia entre dos Clients
3. Sortir
[opció] 