Driver Recomanacio
Que vols fer?
1. Recomanar un Item
2. Imprimir Dades de la Recomanacio
3. Imprimir Item
4. Imprimir Valoracio Esperada
5. Sortir
[opció]
A continuació escriu l'identificador de l'item:

A continuació indica la valoracio esperada de l'item:

L'item s'ha recomanat correctament

Driver Recomanacio
Que vols fer?
1. Recomanar un Item
2. Imprimir Dades de la Recomanacio
3. Imprimir Item
4. Imprimir Valoracio Esperada
5. Sortir
[opció]
Item ID 25, Valoracio Esperada 3.3
Driver Recomanacio
Que vols fer?
1. Recomanar un Item
2. Imprimir Dades de la Recomanacio
3. Imprimir Item
4. Imprimir Valoracio Esperada
5. Sortir
[opció]