Que vols fer?
1. Llegir usuaris
2. Llegir items
3. Llegir recomanacions
4. Llegir valoracions
5. Llegir test rating known
6. Llegir test rating unknown
7. Escriure usuari
8. Escriure item
9. Escriure recomanacio
10. Escriure valoracio
11. Cambiar directori de treball
12. Sortir
[opcio] 0,4. | 0 | type_admin | admin | admin | 
1,4. | 185833 | type_client | dei | 1234 | 
2,4. | 173032 | type_client | pauantonio | 1234 | 
3,4. | 186481 | type_client | jiabo | 1234 | 
4,4. | 211427 | type_client | hegocre | 1234 | 
5,4. | 1877326049 | type_client | patata | patata | 
Que vols fer?
1. Llegir usuaris
2. Llegir items
3. Llegir recomanacions
4. Llegir valoracions
5. Llegir test rating known
6. Llegir test rating unknown
7. Escriure usuari
8. Escriure item
9. Escriure recomanacio
10. Escriure valoracio
11. Cambiar directori de treball
12. Sortir
[opcio] 0,25. | adult | belongs_to_collection | budget | genres | homepage | id | imdb_id | original_language | original_title | overview | popularity | poster_path | production_companies | production_countries | release_date | revenue | runtime | spoken_languages | status | tagline | title | video | vote_average | vote_count | keywords | 
1,25. | False |   | 98000000 | Action;Adventure |   | 1408 | tt0112760 | en | Cutthroat Island | Morgan Adams and her slave, William Shaw, are on a quest to recover the three portions of a treasure map. Unfortunately, the final portion is held by her murderous uncle, Dawg. Her crew is skeptical of her leadership abilities, so she must complete her quest before they mutiny against her. This is made yet more difficult by the efforts of the British crown to end her pirate raids. | 7.284477 | /odM9973kIv9hcjfHPp6g6BlyTIJ.jpg | Le Studio Canal+;Laurence Mark Productions;Metro-Goldwyn-Mayer (MGM);Carolco Pictures |   | 1995-12-22 | 10017322 | 119 | en;la | Released | The Course Has Been Set. There Is No Turning Back. Prepare Your Weapons. Summon Your Courage. Discover the Adventure of a Lifetime! | Cutthroat Island | False | 5.7 | 137 | exotic island;treasure;map;ship;scalp;pirate | 
2,25. | False |   | 4000000 | Crime;Comedy |   | 5 | tt0113101 | en | Four Rooms | It's Ted the Bellhop's first night on the job...and the hotel's very unusual guests are about to place him in some outrageous predicaments. It seems that this evening's room service is serving up one unbelievable happening after another. | 9.026586 | /eQs5hh9rxrk1m4xHsIz1w11Ngqb.jpg | Miramax Films;A Band Apart |   | 1995-12-09 | 4300000 | 98 | en | Released | Twelve outrageous guests. Four scandalous requests. And one lone bellhop, in his first day on the job, who's in for the wildest New year's Eve of his life. | Four Rooms | False | 6.5 | 539 | hotel;new year's eve;witch;bet;hotel room;sperm;los angeles;hoodlum;woman director;episode film | 
Que vols fer?
1. Llegir usuaris
2. Llegir items
3. Llegir recomanacions
4. Llegir valoracions
5. Llegir test rating known
6. Llegir test rating unknown
7. Escriure usuari
8. Escriure item
9. Escriure recomanacio
10. Escriure valoracio
11. Cambiar directori de treball
12. Sortir
[opcio] 0,2. | 1324 | 3215 | 
Que vols fer?
1. Llegir usuaris
2. Llegir items
3. Llegir recomanacions
4. Llegir valoracions
5. Llegir test rating known
6. Llegir test rating unknown
7. Escriure usuari
8. Escriure item
9. Escriure recomanacio
10. Escriure valoracio
11. Cambiar directori de treball
12. Sortir
[opcio] 0,3. | 270811 | 4896 | 4.0 | 
Que vols fer?
1. Llegir usuaris
2. Llegir items
3. Llegir recomanacions
4. Llegir valoracions
5. Llegir test rating known
6. Llegir test rating unknown
7. Escriure usuari
8. Escriure item
9. Escriure recomanacio
10. Escriure valoracio
11. Cambiar directori de treball
12. Sortir
[opcio] 0,3. | userId | itemId | rating | 
1,3. | 117838 | 457 | 4.0 | 
2,3. | 44868 | 2054 | 4.5 | 
Que vols fer?
1. Llegir usuaris
2. Llegir items
3. Llegir recomanacions
4. Llegir valoracions
5. Llegir test rating known
6. Llegir test rating unknown
7. Escriure usuari
8. Escriure item
9. Escriure recomanacio
10. Escriure valoracio
11. Cambiar directori de treball
12. Sortir
[opcio] 0,3. | userId | itemId | rating | 
1,3. | 117838 | 2028 | 5.0 | 
2,3. | 117838 | 1923 | 4.0 | 
Que vols fer?
1. Llegir usuaris
2. Llegir items
3. Llegir recomanacions
4. Llegir valoracions
5. Llegir test rating known
6. Llegir test rating unknown
7. Escriure usuari
8. Escriure item
9. Escriure recomanacio
10. Escriure valoracio
11. Cambiar directori de treball
12. Sortir
[opcio] 