Que vols fer?
1. Llegir usuaris
2. Llegir items
3. Llegir recomanacions
4. Llegir valoracions
5. Llegir test rating known
6. Llegir test rating unknown
7. Escriure usuari
8. Escriure item
9. Escriure recomanacio
10. Escriure valoracio
11. Cambiar directori de treball
12. Sortir
[opcio] Introdueix els parametres separats per linia, acabats amb la paraula quit
Que vols fer?
1. Llegir usuaris
2. Llegir items
3. Llegir recomanacions
4. Llegir valoracions
5. Llegir test rating known
6. Llegir test rating unknown
7. Escriure usuari
8. Escriure item
9. Escriure recomanacio
10. Escriure valoracio
11. Cambiar directori de treball
12. Sortir
[opcio] Introdueix els parametres separats per linia, acabats amb la paraula quit
Que vols fer?
1. Llegir usuaris
2. Llegir items
3. Llegir recomanacions
4. Llegir valoracions
5. Llegir test rating known
6. Llegir test rating unknown
7. Escriure usuari
8. Escriure item
9. Escriure recomanacio
10. Escriure valoracio
11. Cambiar directori de treball
12. Sortir
[opcio] Introdueix els parametres separats per linia, acabats amb la paraula quit
Que vols fer?
1. Llegir usuaris
2. Llegir items
3. Llegir recomanacions
4. Llegir valoracions
5. Llegir test rating known
6. Llegir test rating unknown
7. Escriure usuari
8. Escriure item
9. Escriure recomanacio
10. Escriure valoracio
11. Cambiar directori de treball
12. Sortir
[opcio] Introdueix els parametres separats per linia, acabats amb la paraula quit
Que vols fer?
1. Llegir usuaris
2. Llegir items
3. Llegir recomanacions
4. Llegir valoracions
5. Llegir test rating known
6. Llegir test rating unknown
7. Escriure usuari
8. Escriure item
9. Escriure recomanacio
10. Escriure valoracio
11. Cambiar directori de treball
12. Sortir
[opcio] 