Que vols fer?
1. Registrar usuari
2. Iniciar sessio
3. Tancar sessio
4. Obtenir usuari iniciat
5. Sortir
[opcio] Usuari: Contrasenya: Sessio iniciada
Que vols fer?
1. Registrar usuari
2. Iniciar sessio
3. Tancar sessio
4. Obtenir usuari iniciat
5. Sortir
[opcio] Usuari iniciat: id=0, username=admin
Que vols fer?
1. Registrar usuari
2. Iniciar sessio
3. Tancar sessio
4. Obtenir usuari iniciat
5. Sortir
[opcio] Sessio tancada
Que vols fer?
1. Registrar usuari
2. Iniciar sessio
3. Tancar sessio
4. Obtenir usuari iniciat
5. Sortir
[opcio] 