Que vols fer?
1. Registrar usuari
2. Iniciar sessio
3. Tancar sessio
4. Obtenir usuari iniciat
5. Sortir
[opcio] Introdueix nom d'usuari: Introdueix contrasenya: És admin? [s/n] L'usuari ja existeix
Que vols fer?
1. Registrar usuari
2. Iniciar sessio
3. Tancar sessio
4. Obtenir usuari iniciat
5. Sortir
[opcio] Usuari: Contrasenya: Usuari o contrasenya invàlids
Que vols fer?
1. Registrar usuari
2. Iniciar sessio
3. Tancar sessio
4. Obtenir usuari iniciat
5. Sortir
[opcio] No hi ha cap sessió iniciada.
Que vols fer?
1. Registrar usuari
2. Iniciar sessio
3. Tancar sessio
4. Obtenir usuari iniciat
5. Sortir
[opcio] No hi ha cap sessió iniciada.
Que vols fer?
1. Registrar usuari
2. Iniciar sessio
3. Tancar sessio
4. Obtenir usuari iniciat
5. Sortir
[opcio] 