Driver Controlador de Valoracions
Que vols fer?
1. Carregar històric de valoracions
2. Valorar un item
3. Imprimir valoracions d'un usuari
4. Sortir
[opció] 
A continuació escriu l'identificador de l'item:

A continuació indica l'identificador de l'usuari:

A continuació indica la valoracio de l'item:

L'item s'ha valorat correctament

Driver Controlador de Valoracions
Que vols fer?
1. Carregar històric de valoracions
2. Valorar un item
3. Imprimir valoracions d'un usuari
4. Sortir
[opció]
A continuació indica l'identificador de l'usuari:

User ID 27, Item ID 15, Valoracio 2.8


Driver Controlador de Valoracions
Que vols fer?
1. Carregar històric de valoracions
2. Valorar un item
3. Imprimir valoracions d'un usuari
4. Sortir
[opció]