Driver Valoracions
Que vols fer?
1. Valoracio un Item
2. Imprimir Dades de la Valoracio
3. Imprimir Usari
4. Imprimir Item
5. Imprimir Valoracio
6. Sortir
[opció]
A continuació escriu l'identificador de l'item:

A continuació indica l'identificador de l'usuari:

A continuació indica la valoracio de l'item:

L'item s'ha valorat correctament

Driver Valoracions
Que vols fer?
1. Valoracio un Item
2. Imprimir Dades de la Valoracio
3. Imprimir Usari
4. Imprimir Item
5. Imprimir Valoracio
6. Sortir
[opció]
User ID 162, Item ID 377, Valoracio 3.5
Driver Valoracions
Que vols fer?
1. Valoracio un Item
2. Imprimir Dades de la Valoracio
3. Imprimir Usari
4. Imprimir Item
5. Imprimir Valoracio
6. Sortir
[opció]
